lis 12, 2017 11:53:34 PM zad5.Zad5 main
INFO: 2 2 + =4.0
lis 12, 2017 11:53:46 PM zad5.Zad5 main
WARNING: null
lis 12, 2017 11:53:46 PM zad5.Zad5 main
INFO: 2 + =4.0
lis 13, 2017 12:35:41 AM zad5.Zad5 main
INFO: 2 2 + =4.0
lis 13, 2017 1:02:55 AM zad5.Zad5 main
INFO: 2 7 + 3 / 14 3 - 4 * + 2 / =23.5
lis 13, 2017 1:03:15 AM zad5.Zad5 main
INFO: 2 7 + 3 / 14 3 - 4 * + 2 / = 23.5
lis 13, 2017 1:18:29 AM zad5.Zad5 main
INFO: 2 2 + = 4.0
lis 13, 2017 1:18:40 AM zad5.Zad5 main
WARNING: null
lis 13, 2017 1:18:40 AM zad5.Zad5 main
INFO: 2 x = = 4.0
lis 13, 2017 1:20:23 AM zad5.Zad5 main
WARNING: null
lis 13, 2017 1:20:23 AM zad5.Zad5 main
INFO: 2 x = = 4.0
lis 13, 2017 1:21:17 AM zad5.Zad5 main
WARNING: null
lis 13, 2017 1:21:17 AM zad5.Zad5 main
INFO: 2 x = = 4.0
lis 13, 2017 1:21:59 AM zad5.Zad5 main
WARNING: null
lis 13, 2017 1:21:59 AM zad5.Zad5 main
INFO: 2 x = = 4.0
lis 13, 2017 1:23:00 AM zad5.Zad5 main
WARNING: null
lis 13, 2017 1:23:00 AM zad5.Zad5 main
INFO: 2 x = = 4.0
lis 13, 2017 1:24:02 AM zad5.Zad5 main
WARNING: null
lis 13, 2017 1:24:02 AM zad5.Zad5 main
INFO: 2 x = = 4.0
lis 13, 2017 1:24:31 AM zad5.Zad5 main
WARNING: Nieznany symbol
lis 13, 2017 1:24:31 AM zad5.Zad5 main
INFO: 2 x = = 4.0
lis 13, 2017 1:25:33 AM zad5.Zad5 main
WARNING: Nieznany symbol
lis 13, 2017 1:25:33 AM zad5.Zad5 main
INFO: 2 x = = 4.0
lis 13, 2017 1:26:16 AM zad5.Zad5 main
WARNING: Nieznany symbol
lis 13, 2017 1:26:16 AM zad5.Zad5 main
INFO: 2 x = = 4.0
lis 13, 2017 1:26:37 AM zad5.Zad5 main
INFO: 2 3 + = 5.0
lis 13, 2017 1:27:01 AM zad5.Zad5 main
INFO: 2 33 * = 66.0
lis 13, 2017 1:27:58 AM zad5.Zad5 main
WARNING: Nieznany symbol
lis 13, 2017 1:27:58 AM zad5.Zad5 main
INFO: 2 x = = 4.0
lis 13, 2017 1:28:03 AM zad5.Zad5 main
INFO: 2 2 + = 4.0
lis 13, 2017 1:29:35 AM zad5.Zad5 main
WARNING: Nieznany symbol
lis 13, 2017 1:29:35 AM zad5.Zad5 main
INFO: 2 x = = 4.0
lis 13, 2017 1:30:53 AM zad5.Zad5 main
WARNING: Nieznany symbol
lis 13, 2017 1:30:53 AM zad5.Zad5 main
INFO: 2 x = = 4.0
lis 13, 2017 1:31:44 AM zad5.Zad5 main
WARNING: Nieznany symbol
lis 13, 2017 1:31:44 AM zad5.Zad5 main
INFO: 2 x = = 4.0
lis 13, 2017 1:32:47 AM zad5.Zad5 main
WARNING: Nieznany symbol
lis 13, 2017 1:32:48 AM zad5.Zad5 main
INFO: 2 x = = 4.0
lis 13, 2017 1:33:11 AM zad5.Zad5 main
WARNING: Nieznany symbol
lis 13, 2017 1:33:12 AM zad5.Zad5 main
INFO: 2 x = = 4.0
lis 13, 2017 1:35:09 AM zad5.Zad5 main
WARNING: Nieznany symbol
lis 13, 2017 1:35:09 AM zad5.Zad5 main
INFO: 2 x = = 4.0
lis 13, 2017 11:05:41 AM zad5.Zad5 main
WARNING: Brak elementow na stosie
lis 13, 2017 11:05:41 AM zad5.Zad5 main
INFO: 2 + = 4.0
lis 13, 2017 11:27:06 AM zad5.Zad5 main
INFO: 2 2 + = 4.0
lis 13, 2017 11:27:32 AM zad5.Zad5 main
INFO: 2 3 * = 6.0
lis 13, 2017 11:28:34 AM zad5.Zad5 main
INFO: 2 3 + 4 * = 20.0
lis 13, 2017 11:28:55 AM zad5.Zad5 main
INFO: 3 sin = 0.1411200080598672
lis 13, 2017 11:30:14 AM zad5.Zad5 main
INFO: 3 sin = 0.05233595624294383
lis 13, 2017 11:30:19 AM zad5.Zad5 main
INFO: 90 sin = 1.0
lis 13, 2017 12:32:26 PM zad5.Zad5 main
WARNING: Nieznany symbol
lis 13, 2017 12:32:26 PM zad5.Zad5 main
INFO: 7.5 r = 4.0
lis 13, 2017 12:32:41 PM zad5.Zad5 main
INFO: pi = 3.141592653589793
lis 13, 2017 12:32:51 PM zad5.Zad5 main
INFO: pi 2 + = 5.141592653589793
lis 13, 2017 12:33:45 PM zad5.Zad5 main
INFO: 2 pi * sin = 0.10944260690631982
lis 13, 2017 12:34:14 PM zad5.Zad5 main
INFO: 360 sin = -2.4492935982947064E-16
lis 13, 2017 12:34:32 PM zad5.Zad5 main
INFO: 2 180 * sin = -2.4492935982947064E-16
